<?xml version="1.0" encoding="UTF-8"?>
<!-- Generated by org.testng.reporters.JUnitReportReporter -->
<testsuite hostname="LAPTOP-4SG5IKJK" failures="0" tests="1" name="st.ny.myrunnerTest.MyRunner" time="5.695" errors="0" timestamp="2023-06-30T12:58:02 EDT" skipped="0">
  <testcase classname="st.ny.myrunnerTest.MyRunner" name="runScenario" time="5.695"/>
  <system-out/>
</testsuite> <!-- st.ny.myrunnerTest.MyRunner -->
