<?xml version="1.0" encoding="UTF-8"?>
<!-- Generated by org.testng.reporters.JUnitReportReporter -->
<testsuite hostname="LAPTOP-4SG5IKJK" failures="0" tests="15" name="test_Ng_challenge.Same_TC_RunX_Times" time="0.015" errors="0" timestamp="2023-05-14T04:23:36 EDT" skipped="0">
  <testcase classname="test_Ng_challenge.Same_TC_RunX_Times" name="GetMethod" time="0.001"/>
  <system-out/>
  <testcase classname="test_Ng_challenge.Same_TC_RunX_Times" name="GetMethod" time="0.000"/>
  <system-out/>
  <testcase classname="test_Ng_challenge.Same_TC_RunX_Times" name="GetMethod" time="0.001"/>
  <system-out/>
  <testcase classname="test_Ng_challenge.Same_TC_RunX_Times" name="GetMethod" time="0.000"/>
  <system-out/>
  <testcase classname="test_Ng_challenge.Same_TC_RunX_Times" name="GetMethod" time="0.001"/>
  <system-out/>
  <testcase classname="test_Ng_challenge.Same_TC_RunX_Times" name="GetMethod" time="0.000"/>
  <system-out/>
  <testcase classname="test_Ng_challenge.Same_TC_RunX_Times" name="GetMethod" time="0.001"/>
  <system-out/>
  <testcase classname="test_Ng_challenge.Same_TC_RunX_Times" name="GetMethod" time="0.001"/>
  <system-out/>
  <testcase classname="test_Ng_challenge.Same_TC_RunX_Times" name="GetMethod" time="0.006"/>
  <system-out/>
  <testcase classname="test_Ng_challenge.Same_TC_RunX_Times" name="GetMethod" time="0.001"/>
  <system-out/>
  <testcase classname="test_Ng_challenge.Same_TC_RunX_Times" name="GetMethod" time="0.001"/>
  <system-out/>
  <testcase classname="test_Ng_challenge.Same_TC_RunX_Times" name="GetMethod" time="0.000"/>
  <system-out/>
  <testcase classname="test_Ng_challenge.Same_TC_RunX_Times" name="GetMethod" time="0.001"/>
  <system-out/>
  <testcase classname="test_Ng_challenge.Same_TC_RunX_Times" name="GetMethod" time="0.001"/>
  <system-out/>
  <testcase classname="test_Ng_challenge.Same_TC_RunX_Times" name="GetMethod" time="0.000"/>
  <system-out/>
</testsuite> <!-- test_Ng_challenge.Same_TC_RunX_Times -->
