<?xml version="1.0" encoding="UTF-8"?>
<!-- Generated by org.testng.reporters.JUnitReportReporter -->
<testsuite hostname="LAPTOP-4SG5IKJK" failures="0" tests="1" name="test_Ng_challenge.CrossBrowserTest_PracticeFirst" time="5.561" errors="0" timestamp="2023-05-14T20:18:51 EDT" skipped="0">
  <testcase classname="test_Ng_challenge.CrossBrowserTest_PracticeFirst" name="getLogIn" time="5.561"/>
  <system-out/>
</testsuite> <!-- test_Ng_challenge.CrossBrowserTest_PracticeFirst -->
