<?xml version="1.0" encoding="UTF-8"?>
<!-- Generated by org.testng.reporters.JUnitReportReporter -->
<testsuite hostname="LAPTOP-4SG5IKJK" failures="0" tests="3" name="test_Ng_challenge.Data_Provider_Practice" time="47.002" errors="0" timestamp="2023-05-23T00:34:54 EDT" skipped="0">
  <testcase classname="test_Ng_challenge.Data_Provider_Practice" name="getSignIn" time="15.137"/>
  <system-out/>
  <testcase classname="test_Ng_challenge.Data_Provider_Practice" name="getSignIn" time="16.946"/>
  <system-out/>
  <testcase classname="test_Ng_challenge.Data_Provider_Practice" name="getSignIn" time="14.919"/>
  <system-out/>
</testsuite> <!-- test_Ng_challenge.Data_Provider_Practice -->
