<?xml version="1.0" encoding="UTF-8"?>
<!-- Generated by org.testng.reporters.JUnitReportReporter -->
<testsuite hostname="LAPTOP-4SG5IKJK" failures="0" tests="1" name="test_Ng_chalenge.Annotation_Practice" time="0.004" errors="0" timestamp="2023-05-14T03:03:56 EDT" skipped="0">
  <testcase classname="test_Ng_chalenge.Annotation_Practice" name="getTest" time="0.004"/>
  <system-out/>
</testsuite> <!-- test_Ng_chalenge.Annotation_Practice -->
