<?xml version="1.0" encoding="UTF-8"?>
<!-- Generated by org.testng.reporters.JUnitReportReporter -->
<testsuite hostname="LAPTOP-4SG5IKJK" failures="0" tests="2" name="test_Ng_challenge.Depends_OnMethod" time="0.007" errors="0" timestamp="2023-05-14T06:10:49 EDT" skipped="0">
  <testcase classname="test_Ng_challenge.Depends_OnMethod" name="getOpenBrowser" time="0.006"/>
  <system-out/>
  <testcase classname="test_Ng_challenge.Depends_OnMethod" name="getLogIn" time="0.001"/>
  <system-out/>
</testsuite> <!-- test_Ng_challenge.Depends_OnMethod -->
