<?xml version="1.0" encoding="UTF-8"?>
<!-- Generated by org.testng.reporters.JUnitReportReporter -->
<testsuite hostname="LAPTOP-4SG5IKJK" failures="0" tests="1" name="st.ny.collectionpractice.Challenge" time="0.010" errors="0" timestamp="2023-06-23T02:59:52 EDT" skipped="0">
  <testcase classname="st.ny.collectionpractice.Challenge" name="mergeArrays1" time="0.010"/>
  <system-out/>
</testsuite> <!-- st.ny.collectionpractice.Challenge -->
