<?xml version="1.0" encoding="UTF-8"?>
<!-- Generated by org.testng.reporters.JUnitReportReporter -->
<testsuite hostname="LAPTOP-4SG5IKJK" failures="0" tests="8" name="test_Ng_challenge.Enable_T_F" time="0.020" errors="0" timestamp="2023-05-14T23:27:45 EDT" skipped="4">
  <testcase classname="test_Ng_challenge.Enable_T_F" name="GetMethod06" time="0.003"/>
  <system-out/>
  <testcase classname="test_Ng_challenge.Enable_T_F" name="GetMethod02" time="0.012"/>
  <system-out/>
  <testcase classname="test_Ng_challenge.Enable_T_F" name="GetMethod08" time="0.002"/>
  <system-out/>
  <testcase classname="test_Ng_challenge.Enable_T_F" name="GetMethod04" time="0.003"/>
  <system-out/>
  <testcase classname="test_Ng_challenge.Enable_T_F" name="GetMethod01">
    <skipped/>
  </testcase> <!-- GetMethod01 -->
  <system-out/>
  <testcase classname="test_Ng_challenge.Enable_T_F" name="GetMethod03">
    <skipped/>
  </testcase> <!-- GetMethod03 -->
  <system-out/>
  <testcase classname="test_Ng_challenge.Enable_T_F" name="GetMethod05">
    <skipped/>
  </testcase> <!-- GetMethod05 -->
  <system-out/>
  <testcase classname="test_Ng_challenge.Enable_T_F" name="GetMethod07">
    <skipped/>
  </testcase> <!-- GetMethod07 -->
  <system-out/>
</testsuite> <!-- test_Ng_challenge.Enable_T_F -->
