<?xml version="1.0" encoding="UTF-8"?>
<!-- Generated by org.testng.reporters.JUnitReportReporter -->
<testsuite hostname="LAPTOP-4SG5IKJK" failures="0" tests="3" name="test_Ng_challenge.TestNgExecuation" time="15.062" errors="0" timestamp="2023-05-22T12:13:13 EDT" skipped="0">
  <testcase classname="test_Ng_challenge.TestNgExecuation" name="test1" time="7.056"/>
  <system-out/>
  <testcase classname="test_Ng_challenge.TestNgExecuation" name="test3" time="3.786"/>
  <system-out/>
  <testcase classname="test_Ng_challenge.TestNgExecuation" name="test2" time="4.220"/>
  <system-out/>
</testsuite> <!-- test_Ng_challenge.TestNgExecuation -->
