<?xml version="1.0" encoding="UTF-8"?>
<!-- Generated by org.testng.reporters.JUnitReportReporter -->
<testsuite hostname="LAPTOP-4SG5IKJK" failures="0" tests="8" name="test_Ng_chalenge.Priority_Practice" time="0.015" errors="0" timestamp="2023-05-14T04:08:26 EDT" skipped="0">
  <testcase classname="test_Ng_chalenge.Priority_Practice" name="GetMethod07" time="0.001"/>
  <system-out/>
  <testcase classname="test_Ng_chalenge.Priority_Practice" name="GetMethod03" time="0.005"/>
  <system-out/>
  <testcase classname="test_Ng_chalenge.Priority_Practice" name="GetMethod04" time="0.002"/>
  <system-out/>
  <testcase classname="test_Ng_chalenge.Priority_Practice" name="GetMethod06" time="0.002"/>
  <system-out/>
  <testcase classname="test_Ng_chalenge.Priority_Practice" name="GetMethod08" time="0.001"/>
  <system-out/>
  <testcase classname="test_Ng_chalenge.Priority_Practice" name="GetMethod01" time="0.002"/>
  <system-out/>
  <testcase classname="test_Ng_chalenge.Priority_Practice" name="GetMethod02" time="0.001"/>
  <system-out/>
  <testcase classname="test_Ng_chalenge.Priority_Practice" name="GetMethod05" time="0.001"/>
  <system-out/>
</testsuite> <!-- test_Ng_chalenge.Priority_Practice -->
