<?xml version="1.0" encoding="UTF-8"?>
<!-- Generated by org.testng.reporters.JUnitReportReporter -->
<testsuite hostname="LAPTOP-4SG5IKJK" failures="0" tests="4" name="test_Ng_challenge.CrossBrowser_Test" time="38.742" errors="0" timestamp="2023-05-17T11:55:34 EDT" skipped="0">
  <testcase classname="test_Ng_challenge.CrossBrowser_Test" name="SignIn" time="10.319"/>
  <system-out/>
  <testcase classname="test_Ng_challenge.CrossBrowser_Test" name="SignIn" time="6.416"/>
  <system-out/>
  <testcase classname="test_Ng_challenge.CrossBrowser_Test" name="SignIn" time="12.916"/>
  <system-out/>
  <testcase classname="test_Ng_challenge.CrossBrowser_Test" name="SignIn" time="9.091"/>
  <system-out/>
</testsuite> <!-- test_Ng_challenge.CrossBrowser_Test -->
